<?xml version="1.0" encoding="utf-8"?><testsuites name="pytest tests"><testsuite name="pytest" errors="0" failures="0" skipped="0" tests="242" time="173.697" timestamp="2026-09-22T09:04:51.677158+05:30" hostname="LAPTOP-HF0A03KJ"><testcase classname="tests.test_artifact_channel" name="test_log_artifact_records_tool_result_text" time="3.510" /><testcase classname="tests.test_artifact_channel" name="test_artifact_truncated_to_max_chars" time="3.620" /><testcase classname="tests.test_artifact_channel" name="test_send_message_records_message_artifact" time="3.624" /><testcase classname="tests.test_artifact_channel" name="test_memory_write_records_memory_artifact" time="3.768" /><testcase classname="tests.test_artifact_channel" name="test_artifacts_carry_no_ground_truth_markers" time="3.601" /><testcase classname="tests.test_artifact_channel" name="test_untrusted_source_evidence_count_is_meaningful" time="0.002" /><testcase classname="tests.test_artifact_channel" name="test_assert_no_ground_truth_covers_artifacts" time="0.001" /><testcase classname="tests.test_artifact_channel" name="test_state_vector_invariant_to_ground_truth_channel_presence" time="0.002" /><testcase classname="tests.test_attacks.PromptInfectionAttackTests" name="test_analyst_does_not_force_mandatory_internet_re_search" time="0.725" /><testcase classname="tests.test_attacks.PromptInfectionAttackTests" name="test_complete_chain_real_result_to_llm_input" time="5.294" /><testcase classname="tests.test_attacks.PromptInfectionAttackTests" name="test_executor_receives_researcher_output_when_analyst_disconnected" time="45.890" /><testcase classname="tests.test_attacks.PromptInfectionAttackTests" name="test_external_content_infection_model_flow" time="4.898" /><testcase classname="tests.test_attacks.PromptInfectionAttackTests" name="test_full_propagation_event_lifecycle" time="9.495" /><testcase classname="tests.test_attacks.PromptInfectionAttackTests" name="test_injected_content_survives_truncation_and_formatting" time="0.719" /><testcase classname="tests.test_attacks.PromptInfectionAttackTests" name="test_natural_propagation_across_topology" time="3.578" /><testcase classname="tests.test_attacks.PromptInfectionAttackTests" name="test_non_target_agent_tool_call_not_infected" time="4.873" /><testcase classname="tests.test_attacks.PromptInfectionAttackTests" name="test_researcher_ignores_infection_extinguishes_propagation" time="9.383" /><testcase classname="tests.test_attacks.PromptInfectionAttackTests" name="test_scenarios_apply_attack_prompt_infection" time="3.752" /><testcase classname="tests.test_attacks.PromptInfectionAttackTests" name="test_target_agent_no_tool_call_no_injection" time="4.184" /><testcase classname="tests.test_chunked_assessment.ChunkSplittingTests" name="test_chunks_respect_word_bounds" time="0.002" /><testcase classname="tests.test_chunked_assessment.ChunkSplittingTests" name="test_empty_text_yields_no_chunks" time="0.002" /><testcase classname="tests.test_chunked_assessment.ChunkSplittingTests" name="test_no_chunk_splits_mid_sentence" time="0.002" /><testcase classname="tests.test_chunked_assessment.ChunkSplittingTests" name="test_short_text_is_a_single_chunk" time="0.002" /><testcase classname="tests.test_chunked_assessment.TruncationBlindSpotTests" name="test_all_on_topic_response_has_no_deviation_spike" time="0.002" /><testcase classname="tests.test_chunked_assessment.TruncationBlindSpotTests" name="test_assess_chunked_CATCHES_the_buried_offtopic_chunk" time="0.003" /><testcase classname="tests.test_chunked_assessment.TruncationBlindSpotTests" name="test_chunked_deviation_exceeds_whole_response_deviation" time="0.003" /><testcase classname="tests.test_chunked_assessment.TruncationBlindSpotTests" name="test_existing_assess_is_unchanged_on_short_input" time="0.002" /><testcase classname="tests.test_chunked_assessment.TruncationBlindSpotTests" name="test_response_is_long_and_offtopic_chunk_is_buried" time="0.002" /><testcase classname="tests.test_chunked_assessment.TruncationBlindSpotTests" name="test_whole_response_assess_does_NOT_flag_the_blind_spot" time="0.002" /><testcase classname="tests.test_circularity" name="test_default_detector_mode_is_generic" time="0.002" /><testcase classname="tests.test_circularity" name="test_signature_detector_mode_is_labelled" time="0.002" /><testcase classname="tests.test_circularity" name="test_legacy_indicator_list_confirmed_present_in_check_infection_indicators" time="0.002" /><testcase classname="tests.test_circularity" name="test_generic_patterns_do_not_match_template_specific_phrases" time="0.002" /><testcase classname="tests.test_circularity" name="test_template_specific_detector_does_flag_them" time="0.002" /><testcase classname="tests.test_circularity" name="test_no_template_specific_phrase_overlaps_generic_categories" time="0.002" /><testcase classname="tests.test_circularity" name="test_legacy_indicator_phrases_score_zero_on_default_detector" time="0.002" /><testcase classname="tests.test_contradiction_checker.RequiredCasesTests" name="test_case_a_entailment" time="0.002" /><testcase classname="tests.test_contradiction_checker.RequiredCasesTests" name="test_case_b_contradiction" time="0.002" /><testcase classname="tests.test_contradiction_checker.RequiredCasesTests" name="test_case_c_neutral" time="0.002" /><testcase classname="tests.test_contradiction_checker.DirectionTests" name="test_check_chunk_puts_evidence_as_premise" time="0.002" /><testcase classname="tests.test_contradiction_checker.DirectionTests" name="test_direction_is_recorded" time="0.002" /><testcase classname="tests.test_contradiction_checker.ChunkAgainstEvidenceTests" name="test_best_entailment_when_no_contradiction" time="0.002" /><testcase classname="tests.test_contradiction_checker.ChunkAgainstEvidenceTests" name="test_empty_inputs_are_neutral_not_an_error" time="0.002" /><testcase classname="tests.test_contradiction_checker.ChunkAgainstEvidenceTests" name="test_neutral_when_evidence_entails_nothing" time="0.002" /><testcase classname="tests.test_contradiction_checker.ChunkAgainstEvidenceTests" name="test_strongest_contradiction_across_sentences" time="0.002" /><testcase classname="tests.test_contradiction_checker.LabelNormalisationTests" name="test_model_specific_label_spellings_map_to_canonical" time="0.002" /><testcase classname="tests.test_contradiction_checker.LabelNormalisationTests" name="test_standard_spellings_are_canonicalised" time="0.001" /><testcase classname="tests.test_dead_features" name="test_tool_call_count_no_longer_double_counts" time="0.002" /><testcase classname="tests.test_dead_features" name="test_relay_fanout_zero_for_on_route_relay" time="0.002" /><testcase classname="tests.test_dead_features" name="test_relay_fanout_nonzero_for_off_route_relay" time="0.002" /><testcase classname="tests.test_dead_features" name="test_token_spike_uncalibrated_by_default" time="0.002" /><testcase classname="tests.test_dead_features" name="test_token_spike_fires_with_calibrated_baseline" time="0.023" /><testcase classname="tests.test_dead_features" name="test_propagation_depth_zero_on_clean_episode" time="0.002" /><testcase classname="tests.test_dead_features" name="test_propagation_depth_nonzero_when_evidence_present" time="0.014" /><testcase classname="tests.test_dead_features" name="test_alert_events_ignored_by_default" time="0.002" /><testcase classname="tests.test_dead_features" name="test_alert_events_counted_when_opted_in" time="0.002" /><testcase classname="tests.test_evidence_linker.EvidenceLinkerTests" name="test_empty_inputs_return_no_links" time="0.002" /><testcase classname="tests.test_evidence_linker.EvidenceLinkerTests" name="test_ground_truth_artifact_is_rejected" time="0.002" /><testcase classname="tests.test_evidence_linker.EvidenceLinkerTests" name="test_link_over_artifacts_from_environment_shape" time="0.002" /><testcase classname="tests.test_evidence_linker.EvidenceLinkerTests" name="test_link_over_earlier_agent_responses" time="0.002" /><testcase classname="tests.test_evidence_linker.EvidenceLinkerTests" name="test_relevant_chunk_ranks_first_among_decoys" time="0.002" /><testcase classname="tests.test_evidence_linker.EvidenceLinkerTests" name="test_relevant_first_even_when_decoys_come_first" time="0.002" /><testcase classname="tests.test_evidence_linker.EvidenceLinkerTests" name="test_top_k_returns_descending_similarity" time="0.002" /><testcase classname="tests.test_experiment_invariants.TopologyInvariantTests" name="test_centralized_forbids_direct_downstream_edges" time="0.002" /><testcase classname="tests.test_experiment_invariants.TopologyInvariantTests" name="test_definitions_are_immutable_and_complete" time="0.002" /><testcase classname="tests.test_experiment_invariants.TopologyInvariantTests" name="test_shared_pool_has_delivery_invariants" time="0.002" /><testcase classname="tests.test_false_positive_calibration" name="test_benign_corpus_has_at_least_forty_sentences" time="0.019" /><testcase classname="tests.test_false_positive_calibration" name="test_benign_corpus_mentions_half_has_at_least_fifteen_sentences" time="0.002" /><testcase classname="tests.test_false_positive_calibration" name="test_benign_corpus_scores_zero_content_evidence" time="0.004" /><testcase classname="tests.test_false_positive_calibration" name="test_tune_held_out_split_is_deterministic_and_disjoint" time="0.003" /><testcase classname="tests.test_false_positive_calibration" name="test_mention_corpus_false_positive_rate_reported" time="0.006" /><testcase classname="tests.test_false_positive_calibration" name="test_benign_mention_sentence_matches_real_payload_evidence" time="0.002" /><testcase classname="tests.test_false_positive_calibration" name="test_p3_named_false_positive_sentences_score_zero" time="0.002" /><testcase classname="tests.test_false_positive_calibration" name="test_pattern_examples_positive_fires_negative_does_not" time="0.004" /><testcase classname="tests.test_false_positive_calibration" name="test_strict_categories_excludes_exfiltration_and_imperative" time="0.002" /><testcase classname="tests.test_false_positive_calibration" name="test_agent_prose_scan_with_strict_categories_ignores_exfiltration" time="0.002" /><testcase classname="tests.test_false_positive_calibration" name="test_introduced_urls_excludes_delivered_urls" time="0.002" /><testcase classname="tests.test_false_positive_calibration" name="test_introduced_urls_empty_when_all_urls_delivered" time="0.002" /><testcase classname="tests.test_llm_judge.StubModeTests" name="test_stub_does_not_flag_neutral" time="0.002" /><testcase classname="tests.test_llm_judge.StubModeTests" name="test_stub_flags_explicit_negation" time="0.002" /><testcase classname="tests.test_llm_judge.PromptAndParseTests" name="test_malformed_response_is_conservative_no" time="0.002" /><testcase classname="tests.test_llm_judge.PromptAndParseTests" name="test_narrow_structured_prompt_is_used" time="0.002" /><testcase classname="tests.test_llm_judge.PromptAndParseTests" name="test_parses_no" time="0.002" /><testcase classname="tests.test_llm_judge.PromptAndParseTests" name="test_parses_yes_and_reasoning" time="0.002" /><testcase classname="tests.test_llm_judge.CacheTests" name="test_cache_files_are_json_verdicts_only" time="0.015" /><testcase classname="tests.test_llm_judge.CacheTests" name="test_different_inputs_hit_the_model_again" time="0.008" /><testcase classname="tests.test_llm_judge.CacheTests" name="test_second_identical_call_is_served_from_cache" time="0.015" /><testcase classname="tests.test_llm_judge.CacheTests" name="test_stub_mode_writes_no_cache" time="0.003" /><testcase classname="tests.test_llm_judge.TemperatureTests" name="test_judge_client_forces_temperature_zero" time="0.928" /><testcase classname="tests.test_memory_policy.MemoryPolicyTests" name="test_capacity_evicts_lowest_importance" time="0.002" /><testcase classname="tests.test_memory_policy.MemoryPolicyTests" name="test_retrieval_uses_query_overlap_then_importance" time="0.001" /><testcase classname="tests.test_mock_tools.MockToolTests" name="test_agent_can_request_both_mock_tool_names" time="3.671" /><testcase classname="tests.test_mock_tools.MockToolTests" name="test_calendar_intent_becomes_structured_tool_request" time="0.003" /><testcase classname="tests.test_mock_tools.MockToolTests" name="test_calendar_operations_are_deterministic" time="0.016" /><testcase classname="tests.test_mock_tools.MockToolTests" name="test_email_uses_mailhog_api" time="0.001" /><testcase classname="tests.test_mock_tools.MockToolTests" name="test_executor_meeting_instruction_becomes_calendar_request" time="0.740" /><testcase classname="tests.test_mock_tools.MockToolTests" name="test_mail_intent_becomes_structured_tool_request" time="0.002" /><testcase classname="tests.test_mock_tools.MockToolTests" name="test_permissions_are_independent_of_topology" time="0.002" /><testcase classname="tests.test_mock_tools.MockToolTests" name="test_tool_events_preserve_route_identity_and_topology" time="15.797" /><testcase classname="tests.test_no_attack_vocabulary_leak" name="test_real_episode_environment_fields_are_neutral[clean]" time="10.791" /><testcase classname="tests.test_no_attack_vocabulary_leak" name="test_real_episode_environment_fields_are_neutral[prompt_infection]" time="0.005" /><testcase classname="tests.test_no_attack_vocabulary_leak" name="test_legitimate_agent_cyber_prose_is_not_flagged[clean]" time="0.004" /><testcase classname="tests.test_no_attack_vocabulary_leak" name="test_legitimate_agent_cyber_prose_is_not_flagged[prompt_infection]" time="0.004" /><testcase classname="tests.test_no_attack_vocabulary_leak" name="test_prompt_infection_payload_reaches_observable_artifact" time="0.001" /><testcase classname="tests.test_no_attack_vocabulary_leak" name="test_clean_episode_has_no_payload_in_artifacts" time="0.001" /><testcase classname="tests.test_no_attack_vocabulary_leak" name="test_unclassified_event_type_is_rejected" time="5.199" /><testcase classname="tests.test_no_attack_vocabulary_leak" name="test_negative_control_attack_vocabulary_in_metadata_fails" time="5.191" /><testcase classname="tests.test_no_attack_vocabulary_leak" name="test_negative_control_attack_vocabulary_in_environment_content_fails" time="5.370" /><testcase classname="tests.test_no_attack_vocabulary_leak" name="test_negative_control_vocabulary_only_in_artifact_text_passes" time="5.158" /><testcase classname="tests.test_no_attack_vocabulary_leak" name="test_negative_control_forbidden_key_in_metadata_fails" time="5.167" /><testcase classname="tests.test_no_attack_vocabulary_leak" name="test_all_emitted_event_types_are_classified" time="0.004" /><testcase classname="tests.test_no_ground_truth_leak.ObservableChannelTests" name="test_get_events_still_returns_everything" time="0.035" /><testcase classname="tests.test_no_ground_truth_leak.ObservableChannelTests" name="test_ground_truth_channel_only_has_ground_truth" time="0.034" /><testcase classname="tests.test_no_ground_truth_leak.ObservableChannelTests" name="test_infected_result_still_delivered_to_agent" time="0.608" /><testcase classname="tests.test_no_ground_truth_leak.ObservableChannelTests" name="test_observable_channel_excludes_ground_truth" time="0.035" /><testcase classname="tests.test_no_ground_truth_leak.ObservableChannelTests" name="test_observable_channel_has_no_forbidden_keys_recursively" time="0.031" /><testcase classname="tests.test_no_ground_truth_leak.StrictGuardTests" name="test_assert_no_ground_truth_helper" time="0.002" /><testcase classname="tests.test_no_ground_truth_leak.StrictGuardTests" name="test_builder_accepts_clean_events" time="0.002" /><testcase classname="tests.test_no_ground_truth_leak.StrictGuardTests" name="test_builder_non_strict_allows_ground_truth" time="0.002" /><testcase classname="tests.test_no_ground_truth_leak.StrictGuardTests" name="test_builder_rejects_ground_truth" time="0.001" /><testcase classname="tests.test_no_ground_truth_leak.StrictGuardTests" name="test_forbidden_key_in_nested_metadata_detected" time="0.001" /><testcase classname="tests.test_no_ground_truth_leak.StrictGuardTests" name="test_observer_rejects_ground_truth" time="0.002" /><testcase classname="tests.test_no_ground_truth_leak.ContentEvidenceTests" name="test_clean_text_yields_no_injection_evidence" time="0.002" /><testcase classname="tests.test_no_ground_truth_leak.ContentEvidenceTests" name="test_infected_text_yields_injection_evidence" time="0.002" /><testcase classname="tests.test_no_ground_truth_leak.InvarianceTests" name="test_environment_and_ppo_environment_agree" time="0.038" /><testcase classname="tests.test_no_ground_truth_leak.InvarianceTests" name="test_ground_truth_events_do_not_change_state" time="0.002" /><testcase classname="tests.test_no_ground_truth_leak.RewardGroundTruthTests" name="test_ppo_reward_still_sees_attack_events" time="0.003" /><testcase classname="tests.test_payload_variants_no_leakage" name="test_variants_do_not_verbatim_match_generic_patterns" time="0.002" /><testcase classname="tests.test_payload_variants_no_leakage" name="test_at_least_twelve_variants_defined" time="0.001" /><testcase classname="tests.test_payload_variants_no_leakage" name="test_variants_do_not_contain_legacy_indicator_phrases" time="0.001" /><testcase classname="tests.test_per_response_scoring" name="test_observe_with_empty_log_still_detects_injected_response" time="0.002" /><testcase classname="tests.test_per_response_scoring" name="test_infected_researcher_does_not_affect_clean_executor_response" time="0.002" /><testcase classname="tests.test_per_response_scoring" name="test_response_deduped_against_identical_artifact_text" time="0.002" /><testcase classname="tests.test_prompt_templates" name="test_outline_template_matches_pre_refactor" time="0.001" /><testcase classname="tests.test_prompt_templates" name="test_researcher_template_matches_pre_refactor" time="0.001" /><testcase classname="tests.test_prompt_templates" name="test_analyst_template_matches_pre_refactor" time="0.001" /><testcase classname="tests.test_prompt_templates" name="test_executor_template_matches_pre_refactor" time="0.001" /><testcase classname="tests.test_prompt_templates" name="test_coordinator_template_current_value_pinned" time="0.001" /><testcase classname="tests.test_prompt_templates" name="test_final_prompts_with_sample_upstream_text" time="0.001" /><testcase classname="tests.test_prompt_templates" name="test_registered_assignment_excludes_upstream_part" time="0.001" /><testcase classname="tests.test_resource_limits.ResourceLimitTests" name="test_budget_rejects_tokens_before_next_call" time="0.002" /><testcase classname="tests.test_resource_limits.ResourceLimitTests" name="test_centralized_authorization_uses_requester_identity" time="0.002" /><testcase classname="tests.test_resource_limits.ResourceLimitTests" name="test_environment_loads_configured_limits" time="0.027" /><testcase classname="tests.test_resource_limits.ResourceLimitTests" name="test_episode_reset_clears_counters" time="0.032" /><testcase classname="tests.test_resource_limits.ResourceLimitTests" name="test_tool_budget_rejects_after_limit" time="0.007" /><testcase classname="tests.test_resource_limits.ResourceLimitTests" name="test_tool_result_truncation_uses_requested_limit" time="0.002" /><testcase classname="tests.test_resource_limits.ResourceLimitTests" name="test_tool_timeout_is_recorded" time="0.020" /><testcase classname="tests.test_security.ToolAuthorizationTests" name="test_centralized_analyst_can_search" time="0.006" /><testcase classname="tests.test_security.ToolAuthorizationTests" name="test_centralized_coordinator_can_search" time="0.009" /><testcase classname="tests.test_security.ToolAuthorizationTests" name="test_centralized_coordinator_can_write_reports" time="0.005" /><testcase classname="tests.test_security.ToolAuthorizationTests" name="test_centralized_executor_is_denied" time="0.005" /><testcase classname="tests.test_security.ToolAuthorizationTests" name="test_centralized_researcher_can_search" time="0.004" /><testcase classname="tests.test_security.ToolAuthorizationTests" name="test_centralized_researcher_request_is_forwarded_by_coordinator" time="0.041" /><testcase classname="tests.test_security.ToolAuthorizationTests" name="test_centralized_researcher_submits_via_control_plane_succeeds" time="0.005" /><testcase classname="tests.test_security.ToolAuthorizationTests" name="test_complete_authorization_matrix" time="0.010" /><testcase classname="tests.test_security.ToolAuthorizationTests" name="test_control_plane_denies_unauthorized_tool" time="0.003" /><testcase classname="tests.test_security.ToolAuthorizationTests" name="test_environment_logs_executor_denial_without_execution" time="0.031" /><testcase classname="tests.test_security.ToolAuthorizationTests" name="test_executor_cannot_submit_directly_in_any_topology" time="0.005" /><testcase classname="tests.test_security.ToolAuthorizationTests" name="test_fully_connected_p2p_analyst_can_search" time="0.003" /><testcase classname="tests.test_security.ToolAuthorizationTests" name="test_fully_connected_p2p_researcher_can_search" time="0.003" /><testcase classname="tests.test_security.ToolAuthorizationTests" name="test_layered_control_plane_accepts_researcher_directly" time="0.003" /><testcase classname="tests.test_security.ToolAuthorizationTests" name="test_layered_request_uses_direct_control_plane_route" time="0.031" /><testcase classname="tests.test_security.ToolAuthorizationTests" name="test_shared_pool_control_plane_accepts_analyst_directly" time="0.004" /><testcase classname="tests.test_security.ToolAuthorizationTests" name="test_unknown_inputs_fail_safely" time="0.004" /><testcase classname="tests.test_security.TopologyTests" name="test_all_topology_sizes_and_nodes" time="0.004" /><testcase classname="tests.test_security.TopologyTests" name="test_centralized_topology_contains_only_agents" time="0.002" /><testcase classname="tests.test_semantic_state.BuildCallPatternTests" name="test_build_accepts_keyword_call_pattern" time="0.002" /><testcase classname="tests.test_semantic_state.BuildCallPatternTests" name="test_default_semantic_when_none" time="0.002" /><testcase classname="tests.test_semantic_state.BuildCallPatternTests" name="test_semantic_is_keyword_only" time="0.002" /><testcase classname="tests.test_semantic_state.SemanticDiscriminationTests" name="test_deviation_flows_into_state_builder" time="0.002" /><testcase classname="tests.test_semantic_state.SemanticDiscriminationTests" name="test_off_topic_has_higher_deviation_than_on_topic" time="0.001" /><testcase classname="tests.test_semantic_state.EnvironmentWiringTests" name="test_aggregation_uses_worst_deviation" time="0.042" /><testcase classname="tests.test_semantic_state.EnvironmentWiringTests" name="test_malicious_response_reaches_security_state" time="0.031" /><testcase classname="tests.test_semantic_state.EnvironmentWiringTests" name="test_no_observations_returns_unassessed" time="0.038" /><testcase classname="tests.test_semantic_state.EnvironmentWiringTests" name="test_reset_clears_observations" time="0.030" /><testcase classname="tests.test_semantic_state.SemanticDisabledTests" name="test_disabled_leaves_defaults_without_raising" time="0.045" /><testcase classname="tests.test_subtask_assignment.SubtaskIsTemplateTests" name="test_registered_assignment_is_used_as_subtask" time="0.041" /><testcase classname="tests.test_subtask_assignment.SubtaskIsTemplateTests" name="test_stage_is_kept_in_metadata_for_logging" time="0.041" /><testcase classname="tests.test_subtask_assignment.SubtaskIsTemplateTests" name="test_subtask_never_equals_a_stage_label" time="0.044" /><testcase classname="tests.test_subtask_assignment.NoUpstreamContentTests" name="test_assignment_contains_only_template_and_task" time="0.036" /><testcase classname="tests.test_subtask_assignment.NoUpstreamContentTests" name="test_registered_assignment_excludes_upstream_sentinel" time="0.032" /><testcase classname="tests.test_subtask_assignment.FallbackTests" name="test_fallback_assessment_still_uses_task" time="0.038" /><testcase classname="tests.test_subtask_assignment.FallbackTests" name="test_no_assignment_falls_back_to_task" time="0.030" /><testcase classname="tests.test_subtask_assignment.InvariantTests" name="test_as_text_unchanged_helper" time="0.001" /><testcase classname="tests.test_subtask_assignment.InvariantTests" name="test_assignment_registry_reset_is_available" time="0.036" /><testcase classname="tests.test_subtask_assignment.InvariantTests" name="test_state_vector_length_unchanged" time="0.002" /><testcase classname="tests.test_tiered_pipeline.Tier3GatingTests" name="test_no_evidence_means_no_tier2_or_tier3" time="0.003" /><testcase classname="tests.test_tiered_pipeline.Tier3GatingTests" name="test_strong_contradiction_triggers_tier3" time="0.004" /><testcase classname="tests.test_tiered_pipeline.Tier3GatingTests" name="test_tier1_always_runs" time="0.003" /><testcase classname="tests.test_tiered_pipeline.Tier3GatingTests" name="test_weak_contradiction_does_not_trigger_tier3" time="0.003" /><testcase classname="tests.test_tiered_pipeline.CounterTests" name="test_per_episode_counter_accumulates_and_resets" time="0.005" /><testcase classname="tests.test_tiered_pipeline.LoggingTests" name="test_existing_observe_is_unchanged" time="0.002" /><testcase classname="tests.test_tiered_pipeline.LoggingTests" name="test_tiered_log_line_includes_chunk_summary_fields" time="0.004" /><testcase classname="tests.test_tiered_pipeline.GuardTests" name="test_tiered_path_rejects_ground_truth_artifacts" time="0.002" /></testsuite></testsuites>